<?xml version="1.0" encoding="UTF-8"?>
<!-- Generated by org.testng.reporters.JUnitReportReporter -->
<testsuite hostname="LAPTOP-T4DGVCL5" name="TestCase5" tests="3" failures="0" timestamp="4 May 2020 10:12:41 GMT" time="0.017" errors="0">
  <testcase name="tc1" time="0.017" classname="TestCase5"/>
  <testcase name="tc3" time="0.000" classname="TestCase5"/>
  <testcase name="tc2" time="0.000" classname="TestCase5"/>
</testsuite> <!-- TestCase5 -->
