<?xml version="1.0" encoding="UTF-8"?>
<!-- Generated by org.testng.reporters.JUnitReportReporter -->
<testsuite hostname="LAPTOP-T4DGVCL5" name="TestCase1" tests="1" failures="0" timestamp="23 Mar 2020 18:46:14 GMT" time="10.467" errors="0">
  <testcase name="Tc1" time="10.467" classname="TestCase1"/>
</testsuite> <!-- TestCase1 -->
