<?xml version="1.0" encoding="UTF-8"?>
<!-- Generated by org.testng.reporters.JUnitReportReporter -->
<testsuite hostname="LAPTOP-T4DGVCL5" name="TestCase3" tests="2" failures="0" timestamp="27 Apr 2020 06:25:19 GMT" time="0.026" errors="0">
  <testcase name="tc3" time="0.013" classname="TestCase3"/>
  <testcase name="tc1" time="0.013" classname="TestCase3"/>
</testsuite> <!-- TestCase3 -->
