<?xml version="1.0" encoding="UTF-8"?>
<!-- Generated by org.testng.reporters.JUnitReportReporter -->
<testsuite hostname="LAPTOP-T4DGVCL5" name="TestCase5" tests="3" failures="0" timestamp="27 Apr 2020 06:25:19 GMT" time="0.000" errors="0">
  <testcase name="tc1" time="0.000" classname="TestCase5"/>
  <testcase name="tc3" time="0.000" classname="TestCase5"/>
  <testcase name="tc2" time="0.000" classname="TestCase5"/>
</testsuite> <!-- TestCase5 -->
