<?xml version="1.0" encoding="UTF-8"?>
<!-- Generated by org.testng.reporters.JUnitReportReporter -->
<testsuite hostname="LAPTOP-T4DGVCL5" name="TestCase2" tests="1" failures="0" timestamp="9 May 2020 11:58:32 GMT" time="86.400" errors="0">
  <testcase name="Tc2" time="86.400" classname="TestCase2"/>
</testsuite> <!-- TestCase2 -->
