<?xml version="1.0" encoding="UTF-8"?>
<!-- Generated by org.testng.reporters.JUnitReportReporter -->
<testsuite hostname="LAPTOP-T4DGVCL5" name="TestCase2" tests="1" failures="0" timestamp="27 Apr 2020 06:25:19 GMT" time="13.105" errors="0">
  <testcase name="Tc2" time="13.105" classname="TestCase2"/>
</testsuite> <!-- TestCase2 -->
