<?xml version="1.0" encoding="UTF-8"?>
<!-- Generated by org.testng.reporters.JUnitReportReporter -->
<testsuite hostname="LAPTOP-T4DGVCL5" name="TestCase1" tests="1" failures="0" timestamp="27 Apr 2020 06:25:19 GMT" time="8.614" errors="0">
  <testcase name="Tc1" time="8.614" classname="TestCase1"/>
</testsuite> <!-- TestCase1 -->
