<?xml version="1.0" encoding="UTF-8"?>
<!-- Generated by org.testng.reporters.JUnitReportReporter -->
<testsuite hostname="LAPTOP-T4DGVCL5" name="TestCase1" tests="1" failures="0" timestamp="9 May 2020 11:58:32 GMT" time="61.474" errors="0">
  <testcase name="Tc1" time="61.474" classname="TestCase1"/>
</testsuite> <!-- TestCase1 -->
